0 info it worked if it ends with ok
1 verbose cli [ '/Users/eliran/.nvm/versions/node/v6.2.0/bin/node',
1 verbose cli   '/Users/eliran/.nvm/versions/node/v6.2.0/bin/npm',
1 verbose cli   'start' ]
2 info using npm@3.8.9
3 info using node@v6.2.0
4 verbose run-script [ 'prestart', 'start', 'poststart' ]
5 info lifecycle travis-mocha-bot@1.0.0~prestart: travis-mocha-bot@1.0.0
6 silly lifecycle travis-mocha-bot@1.0.0~prestart: no script for prestart, continuing
7 info lifecycle travis-mocha-bot@1.0.0~start: travis-mocha-bot@1.0.0
8 verbose lifecycle travis-mocha-bot@1.0.0~start: unsafe-perm in lifecycle true
9 verbose lifecycle travis-mocha-bot@1.0.0~start: PATH: /Users/eliran/.nvm/versions/node/v6.2.0/lib/node_modules/npm/bin/node-gyp-bin:/Users/eliran/source/personal/travis-buddy/node_modules/.bin:/Users/eliran/.nvm/versions/node/v6.2.0/bin:/Users/eliran/.nvm/versions/node/v6.2.0/bin:/usr/local/bin:/usr/local/sbin:/usr/bin:/bin:/usr/sbin:/sbin:/Users/eliran/.yadr/bin:/Users/eliran/.yadr/bin/yadr:/Users/eliran/bin/:/Users/eliran/bin/
10 verbose lifecycle travis-mocha-bot@1.0.0~start: CWD: /Users/eliran/source/personal/travis-buddy
11 silly lifecycle travis-mocha-bot@1.0.0~start: Args: [ '-c', 'node ./bin/www' ]
12 silly lifecycle travis-mocha-bot@1.0.0~start: Returned: code: 1  signal: null
13 info lifecycle travis-mocha-bot@1.0.0~start: Failed to exec start script
14 verbose stack Error: travis-mocha-bot@1.0.0 start: `node ./bin/www`
14 verbose stack Exit status 1
14 verbose stack     at EventEmitter.<anonymous> (/Users/eliran/.nvm/versions/node/v6.2.0/lib/node_modules/npm/lib/utils/lifecycle.js:245:16)
14 verbose stack     at emitTwo (events.js:106:13)
14 verbose stack     at EventEmitter.emit (events.js:191:7)
14 verbose stack     at ChildProcess.<anonymous> (/Users/eliran/.nvm/versions/node/v6.2.0/lib/node_modules/npm/lib/utils/spawn.js:24:14)
14 verbose stack     at emitTwo (events.js:106:13)
14 verbose stack     at ChildProcess.emit (events.js:191:7)
14 verbose stack     at maybeClose (internal/child_process.js:850:16)
14 verbose stack     at Process.ChildProcess._handle.onexit (internal/child_process.js:215:5)
15 verbose pkgid travis-mocha-bot@1.0.0
16 verbose cwd /Users/eliran/source/personal/travis-buddy
17 error Darwin 16.7.0
18 error argv "/Users/eliran/.nvm/versions/node/v6.2.0/bin/node" "/Users/eliran/.nvm/versions/node/v6.2.0/bin/npm" "start"
19 error node v6.2.0
20 error npm  v3.8.9
21 error code ELIFECYCLE
22 error travis-mocha-bot@1.0.0 start: `node ./bin/www`
22 error Exit status 1
23 error Failed at the travis-mocha-bot@1.0.0 start script 'node ./bin/www'.
23 error Make sure you have the latest version of node.js and npm installed.
23 error If you do, this is most likely a problem with the travis-mocha-bot package,
23 error not with npm itself.
23 error Tell the author that this fails on your system:
23 error     node ./bin/www
23 error You can get information on how to open an issue for this project with:
23 error     npm bugs travis-mocha-bot
23 error Or if that isn't available, you can get their info via:
23 error     npm owner ls travis-mocha-bot
23 error There is likely additional logging output above.
24 verbose exit [ 1, true ]
